<?xml version="1.0" encoding="UTF-8"?>
<!-- Generated by org.testng.reporters.JUnitXMLReporter -->
<testsuite ignored="0" hostname="Ishants-MacBook-Pro.local" failures="0" tests="3" name="Default test" time="0.982" errors="0" timestamp="2022-09-01T08:55:06 IST">
  <testcase classname="com.foodinc.RestAssuredValidation.admin.AddDishInRestaurantTest" name="deserializeAndValidateResponse" time="0.641"/>
  <testcase classname="com.foodinc.RestAssuredValidation.admin.AddDishInRestaurantTest" name="tesAddDishToRestaurant" time="0.252"/>
  <testcase classname="com.foodinc.RestAssuredValidation.admin.AddDishInRestaurantTest" name="validateAddDishToRestaurantWithRestAssured" time="0.061"/>
</testsuite> <!-- Default test -->
