<?xml version="1.0" encoding="UTF-8"?>
<testsuite xmlns:xsi="http://www.w3.org/2001/XMLSchema-instance" xsi:noNamespaceSchemaLocation="https://maven.apache.org/surefire/maven-surefire-plugin/xsd/surefire-test-report.xsd" name="TestSuite" time="0.887" tests="18" errors="0" skipped="0" failures="18">
  <properties>
[...]
</properties>
  <testcase name="deserializeAndValidateResponse" classname="com.foodinc.RestAssuredValidation.enduser.AddDishToCartTest" time="0.532">
    <failure message="Connection refused" type="java.net.ConnectException">java.net.ConnectException: Connection refused
	at com.foodinc.RestAssuredValidation.enduser.AddDishToCartTest.deserializeAndValidateResponse(AddDishToCartTest.java:98)
</failure>
    <system-err><![CDATA[SLF4J: Failed to load class "org.slf4j.impl.StaticLoggerBinder".
SLF4J: Defaulting to no-operation (NOP) logger implementation
SLF4J: See http://www.slf4j.org/codes.html#StaticLoggerBinder for further details.
]]></system-err>
  </testcase>
  <testcase name="tesAddDishToCart" classname="com.foodinc.RestAssuredValidation.enduser.AddDishToCartTest" time="0.005">
    <failure message="Connection refused" type="java.net.ConnectException">java.net.ConnectException: Connection refused
	at com.foodinc.RestAssuredValidation.enduser.AddDishToCartTest.tesAddDishToCart(AddDishToCartTest.java:32)
</failure>
  </testcase>
  <testcase name="validateAddDishToCartWithRestAssured" classname="com.foodinc.RestAssuredValidation.enduser.AddDishToCartTest" time="0.005">
    <failure message="Connection refused" type="java.net.ConnectException">java.net.ConnectException: Connection refused
	at com.foodinc.RestAssuredValidation.enduser.AddDishToCartTest.validateAddDishToCartWithRestAssured(AddDishToCartTest.java:77)
</failure>
  </testcase>
  <testcase name="deserializeAndValidateResponse" classname="com.foodinc.RestAssuredValidation.enduser.FetchCartTest" time="0.011">
    <failure message="Connection refused" type="java.net.ConnectException">java.net.ConnectException: Connection refused
	at com.foodinc.RestAssuredValidation.enduser.FetchCartTest.deserializeAndValidateResponse(FetchCartTest.java:89)
</failure>
  </testcase>
  <testcase name="testFetchCart" classname="com.foodinc.RestAssuredValidation.enduser.FetchCartTest" time="0.004">
    <failure message="Connection refused" type="java.net.ConnectException">java.net.ConnectException: Connection refused
	at com.foodinc.RestAssuredValidation.enduser.FetchCartTest.testFetchCart(FetchCartTest.java:29)
</failure>
  </testcase>
  <testcase name="validateFetchCartWithRestAssured" classname="com.foodinc.RestAssuredValidation.enduser.FetchCartTest" time="0.005">
    <failure message="Connection refused" type="java.net.ConnectException">java.net.ConnectException: Connection refused
	at com.foodinc.RestAssuredValidation.enduser.FetchCartTest.validateFetchCartWithRestAssured(FetchCartTest.java:71)
</failure>
  </testcase>
  <testcase name="deserializeAndValidateResponse" classname="com.foodinc.RestAssuredValidation.enduser.RegisterUserTest" time="0.006">
    <failure message="Connection refused" type="java.net.ConnectException">java.net.ConnectException: Connection refused
	at com.foodinc.RestAssuredValidation.enduser.RegisterUserTest.deserializeAndValidateResponse(RegisterUserTest.java:102)
</failure>
  </testcase>
  <testcase name="testUserRegister" classname="com.foodinc.RestAssuredValidation.enduser.RegisterUserTest" time="0.004">
    <failure message="Connection refused" type="java.net.ConnectException">java.net.ConnectException: Connection refused
	at com.foodinc.RestAssuredValidation.enduser.RegisterUserTest.testUserRegister(RegisterUserTest.java:34)
</failure>
  </testcase>
  <testcase name="validateUserRegisterWithRestAssured" classname="com.foodinc.RestAssuredValidation.enduser.RegisterUserTest" time="0.005">
    <failure message="Connection refused" type="java.net.ConnectException">java.net.ConnectException: Connection refused
	at com.foodinc.RestAssuredValidation.enduser.RegisterUserTest.validateUserRegisterWithRestAssured(RegisterUserTest.java:79)
</failure>
  </testcase>
  <testcase name="deserializeAndValidateResponse" classname="com.foodinc.RestAssuredValidation.admin.AddDishInRestaurantTest" time="0.003">
    <failure message="Connection refused" type="java.net.ConnectException">java.net.ConnectException: Connection refused
	at com.foodinc.RestAssuredValidation.admin.AddDishInRestaurantTest.deserializeAndValidateResponse(AddDishInRestaurantTest.java:125)
</failure>
  </testcase>
  <testcase name="tesAddDishToRestaurant" classname="com.foodinc.RestAssuredValidation.admin.AddDishInRestaurantTest" time="0.004">
    <failure message="Connection refused" type="java.net.ConnectException">java.net.ConnectException: Connection refused
	at com.foodinc.RestAssuredValidation.admin.AddDishInRestaurantTest.tesAddDishToRestaurant(AddDishInRestaurantTest.java:43)
</failure>
  </testcase>
  <testcase name="validateAddDishToRestaurantWithRestAssured" classname="com.foodinc.RestAssuredValidation.admin.AddDishInRestaurantTest" time="0.012">
    <failure message="Connection refused" type="java.net.ConnectException">java.net.ConnectException: Connection refused
	at com.foodinc.RestAssuredValidation.admin.AddDishInRestaurantTest.validateAddDishToRestaurantWithRestAssured(AddDishInRestaurantTest.java:96)
</failure>
  </testcase>
  <testcase name="deserializeAndValidateResponse" classname="com.foodinc.RestAssuredValidation.admin.AddRestaurantTest" time="0.006">
    <failure message="Connection refused" type="java.net.ConnectException">java.net.ConnectException: Connection refused
	at com.foodinc.RestAssuredValidation.admin.AddRestaurantTest.deserializeAndValidateResponse(AddRestaurantTest.java:122)
</failure>
  </testcase>
  <testcase name="tesAddDishToRestaurant" classname="com.foodinc.RestAssuredValidation.admin.AddRestaurantTest" time="0.003">
    <failure message="Connection refused" type="java.net.ConnectException">java.net.ConnectException: Connection refused
	at com.foodinc.RestAssuredValidation.admin.AddRestaurantTest.tesAddDishToRestaurant(AddRestaurantTest.java:40)
</failure>
  </testcase>
  <testcase name="validateAddDishToCartWithRestAssured" classname="com.foodinc.RestAssuredValidation.admin.AddRestaurantTest" time="0.004">
    <failure message="Connection refused" type="java.net.ConnectException">java.net.ConnectException: Connection refused
	at com.foodinc.RestAssuredValidation.admin.AddRestaurantTest.validateAddDishToCartWithRestAssured(AddRestaurantTest.java:93)
</failure>
  </testcase>
  <testcase name="deserializeAndValidateResponse" classname="com.foodinc.RestAssuredValidation.admin.FetchRestaurantTest" time="0.003">
    <failure message="Connection refused" type="java.net.ConnectException">java.net.ConnectException: Connection refused
	at com.foodinc.RestAssuredValidation.admin.FetchRestaurantTest.deserializeAndValidateResponse(FetchRestaurantTest.java:90)
</failure>
  </testcase>
  <testcase name="testFetchRestaurants" classname="com.foodinc.RestAssuredValidation.admin.FetchRestaurantTest" time="0.003">
    <failure message="Connection refused" type="java.net.ConnectException">java.net.ConnectException: Connection refused
	at com.foodinc.RestAssuredValidation.admin.FetchRestaurantTest.testFetchRestaurants(FetchRestaurantTest.java:29)
</failure>
  </testcase>
  <testcase name="validateFetchRestaurantWithRestAssured" classname="com.foodinc.RestAssuredValidation.admin.FetchRestaurantTest" time="0.003">
    <failure message="Connection refused" type="java.net.ConnectException">java.net.ConnectException: Connection refused
	at com.foodinc.RestAssuredValidation.admin.FetchRestaurantTest.validateFetchRestaurantWithRestAssured(FetchRestaurantTest.java:72)
</failure>
  </testcase>
</testsuite>